2024-11-18 23:16:33,482 - Connected (version 2.0, client OpenSSH_8.9p1)
2024-11-18 23:16:35,702 - Auth rejected (none).
2024-11-18 23:16:36,818 - Username: testuser, Password: ss
2024-11-18 23:16:36,818 - Auth rejected (password).
2024-11-18 23:16:37,436 - Username: testuser, Password: ss
2024-11-18 23:16:37,436 - Auth rejected (password).
2024-11-18 23:16:38,327 - Username: testuser, Password: ss
2024-11-18 23:16:38,327 - Auth rejected (password).
2024-11-18 23:18:21,478 - Connected (version 2.0, client libssh_0.9.6)
2024-11-18 23:18:21,529 - Auth rejected (none).
2024-11-18 23:18:21,531 - Disconnect (code 11): Bye Bye
2024-11-18 23:18:21,747 - Connected (version 2.0, client libssh_0.9.6)
2024-11-18 23:18:21,747 - Connected (version 2.0, client libssh_0.9.6)
2024-11-18 23:18:21,751 - Connected (version 2.0, client libssh_0.9.6)
2024-11-18 23:18:21,802 - Auth rejected (none).
2024-11-18 23:18:21,802 - Auth rejected (none).
2024-11-18 23:18:21,803 - Username: testuser, Password: oi
2024-11-18 23:18:21,804 - Username: testuser, Password: ss
2024-11-18 23:18:21,804 - Auth rejected (password).
2024-11-18 23:18:21,804 - Auth rejected (password).
2024-11-18 23:18:21,812 - Auth rejected (none).
2024-11-18 23:18:21,813 - Username: testuser, Password: oo
2024-11-18 23:18:21,813 - Auth rejected (password).
2024-11-18 23:32:33,180 - Connected (version 2.0, client OpenSSH_8.9p1)
2024-11-18 23:37:07,892 - Auth rejected (none).
2024-11-18 23:37:09,877 - Username: testuser, Password: ii
2024-11-18 23:37:09,878 - Auth rejected (password).
2024-11-18 23:37:11,464 - Username: testuser, Password: oi
2024-11-18 23:37:11,465 - Auth rejected (password).
2024-11-18 23:37:14,593 - Username: testuser, Password: idll
2024-11-18 23:37:14,594 - Auth rejected (password).
2024-11-18 23:40:49,388 - Connected (version 2.0, client OpenSSH_8.9p1)
2024-11-18 23:40:49,405 - Auth rejected (none).
2024-11-18 23:40:51,785 - Username: testuser, Password: oi
2024-11-18 23:40:51,785 - Auth rejected (password).
2024-11-18 23:40:52,362 - Username: testuser, Password: gg
2024-11-18 23:40:52,363 - Auth rejected (password).
2024-11-18 23:40:53,455 - Username: testuser, Password: dd
2024-11-18 23:40:53,455 - Auth rejected (password).
2024-11-18 23:46:47,548 - Connected (version 2.0, client OpenSSH_8.9p1)
2024-11-18 23:47:15,402 - Connected (version 2.0, client OpenSSH_8.9p1)
2024-11-18 23:47:39,936 - Connected (version 2.0, client OpenSSH_8.9p1)
2024-11-18 23:47:53,393 - Auth rejected (none).
2024-11-18 23:47:54,999 - Username: testuser, Password: ii
2024-11-18 23:47:55,000 - Auth rejected (password).
2024-11-18 23:47:56,903 - Username: testuser, Password: oi
2024-11-18 23:47:56,903 - Auth rejected (password).
2024-11-18 23:47:58,195 - Username: testuser, Password: oi
2024-11-18 23:47:58,196 - Auth rejected (password).
2024-11-18 23:50:20,957 - Connected (version 2.0, client libssh_0.9.6)
2024-11-18 23:50:21,012 - Auth rejected (none).
2024-11-18 23:50:21,013 - Disconnect (code 11): Bye Bye
2024-11-18 23:50:21,229 - Connected (version 2.0, client libssh_0.9.6)
2024-11-18 23:50:21,232 - Connected (version 2.0, client libssh_0.9.6)
2024-11-18 23:50:21,234 - Connected (version 2.0, client libssh_0.9.6)
2024-11-18 23:50:21,282 - Auth rejected (none).
2024-11-18 23:50:21,283 - Username: testuser, Password: oo
2024-11-18 23:50:21,283 - Auth rejected (password).
2024-11-18 23:50:21,292 - Auth rejected (none).
2024-11-18 23:50:21,292 - Auth rejected (none).
2024-11-18 23:50:21,294 - Username: testuser, Password: oi
2024-11-18 23:50:21,295 - Username: testuser, Password: ss
2024-11-18 23:50:21,295 - Auth rejected (password).
2024-11-18 23:50:21,295 - Auth rejected (password).
2024-11-18 23:54:10,908 - Connected (version 2.0, client libssh_0.9.6)
2024-11-18 23:54:10,962 - Auth rejected (none).
2024-11-18 23:54:10,963 - Disconnect (code 11): Bye Bye
2024-11-18 23:54:11,180 - Connected (version 2.0, client libssh_0.9.6)
2024-11-18 23:54:11,182 - Connected (version 2.0, client libssh_0.9.6)
2024-11-18 23:54:11,232 - Auth rejected (none).
2024-11-18 23:54:11,233 - Username: testuser, Password: ss
2024-11-18 23:54:11,233 - Auth rejected (password).
2024-11-18 23:54:11,242 - Auth rejected (none).
2024-11-18 23:54:11,243 - Username: testuser, Password: oi
2024-11-18 23:54:11,244 - Auth rejected (password).
2024-11-18 23:54:11,448 - Connected (version 2.0, client libssh_0.9.6)
2024-11-18 23:54:11,502 - Auth rejected (none).
2024-11-18 23:54:11,503 - Username: testuser, Password: oo
2024-11-18 23:54:11,503 - Auth rejected (password).
2024-11-18 23:54:13,489 - Connected (version 2.0, client libssh_0.9.6)
2024-11-18 23:54:13,542 - Auth rejected (none).
2024-11-18 23:54:13,543 - Disconnect (code 11): Bye Bye
2024-11-18 23:54:13,759 - Connected (version 2.0, client libssh_0.9.6)
2024-11-18 23:54:13,762 - Connected (version 2.0, client libssh_0.9.6)
2024-11-18 23:54:13,770 - Connected (version 2.0, client libssh_0.9.6)
2024-11-18 23:54:13,781 - Auth rejected (none).
2024-11-18 23:54:13,782 - Username: testuser, Password: ss
2024-11-18 23:54:13,782 - Auth rejected (password).
2024-11-18 23:54:13,812 - Auth rejected (none).
2024-11-18 23:54:13,813 - Username: testuser, Password: oo
2024-11-18 23:54:13,813 - Auth rejected (password).
2024-11-18 23:54:13,832 - Auth rejected (none).
2024-11-18 23:54:13,833 - Username: testuser, Password: oi
2024-11-18 23:54:13,833 - Auth rejected (password).
2024-11-18 23:54:27,525 - Connected (version 2.0, client libssh_0.9.6)
2024-11-18 23:54:27,531 - Auth rejected (none).
2024-11-18 23:54:27,532 - Disconnect (code 11): Bye Bye
2024-11-18 23:54:27,749 - Connected (version 2.0, client libssh_0.9.6)
2024-11-18 23:54:27,751 - Connected (version 2.0, client libssh_0.9.6)
2024-11-18 23:54:27,757 - Connected (version 2.0, client libssh_0.9.6)
2024-11-18 23:54:27,812 - Auth rejected (none).
2024-11-18 23:54:27,813 - Username: testuser, Password: oi
2024-11-18 23:54:27,814 - Auth rejected (none).
2024-11-18 23:54:27,814 - Auth rejected (none).
2024-11-18 23:54:27,815 - Auth rejected (password).
2024-11-18 23:54:27,816 - Username: testuser, Password: ss
2024-11-18 23:54:27,817 - Username: testuser, Password: oo
2024-11-18 23:54:27,818 - Auth rejected (password).
2024-11-18 23:54:27,818 - Auth rejected (password).
2024-11-18 23:55:43,638 - Connected (version 2.0, client libssh_0.9.6)
2024-11-18 23:55:43,692 - Auth rejected (none).
2024-11-18 23:55:43,693 - Disconnect (code 11): Bye Bye
2024-11-18 23:55:43,911 - Connected (version 2.0, client libssh_0.9.6)
2024-11-18 23:55:43,914 - Connected (version 2.0, client libssh_0.9.6)
2024-11-18 23:55:43,921 - Connected (version 2.0, client libssh_0.9.6)
2024-11-18 23:55:43,972 - Auth rejected (none).
2024-11-18 23:55:43,973 - Username: testuser, Password: ss
2024-11-18 23:55:43,973 - Auth rejected (password).
2024-11-18 23:55:43,982 - Auth rejected (none).
2024-11-18 23:55:43,983 - Username: testuser, Password: oo
2024-11-18 23:55:43,983 - Auth rejected (password).
2024-11-18 23:55:43,992 - Auth rejected (none).
2024-11-18 23:55:43,993 - Username: testuser, Password: oi
2024-11-18 23:55:43,993 - Auth rejected (password).
2024-11-19 00:03:29,189 - Connected (version 2.0, client libssh_0.9.6)
2024-11-19 00:03:29,242 - Auth rejected (none).
2024-11-19 00:03:29,243 - Disconnect (code 11): Bye Bye
2024-11-19 00:03:29,460 - Connected (version 2.0, client libssh_0.9.6)
2024-11-19 00:03:29,462 - Connected (version 2.0, client libssh_0.9.6)
2024-11-19 00:03:29,471 - Connected (version 2.0, client libssh_0.9.6)
2024-11-19 00:03:29,522 - Auth rejected (none).
2024-11-19 00:03:29,522 - Auth rejected (none).
2024-11-19 00:03:29,523 - Auth rejected (none).
2024-11-19 00:03:29,524 - Username: testuser, Password: oi
2024-11-19 00:03:29,525 - Username: testuser, Password: oo
2024-11-19 00:03:29,526 - Username: testuser, Password: ss
2024-11-19 00:03:29,526 - Auth rejected (password).
2024-11-19 00:03:29,526 - Auth rejected (password).
2024-11-19 00:03:29,527 - Auth rejected (password).
2024-11-19 00:14:38,007 - Connected (version 2.0, client libssh_0.9.6)
2024-11-19 00:14:38,013 - Auth rejected (none).
2024-11-19 00:14:38,014 - Disconnect (code 11): Bye Bye
2024-11-19 00:14:38,232 - Connected (version 2.0, client libssh_0.9.6)
2024-11-19 00:14:38,237 - Connected (version 2.0, client libssh_0.9.6)
2024-11-19 00:14:38,245 - Connected (version 2.0, client libssh_0.9.6)
2024-11-19 00:14:38,282 - Auth rejected (none).
2024-11-19 00:14:38,283 - Username: testuser, Password: oi
2024-11-19 00:14:38,283 - Auth rejected (password).
2024-11-19 00:14:38,292 - Auth rejected (none).
2024-11-19 00:14:38,293 - Auth rejected (none).
2024-11-19 00:14:38,294 - Username: testuser, Password: ss
2024-11-19 00:14:38,295 - Username: testuser, Password: oo
2024-11-19 00:14:38,295 - Auth rejected (password).
2024-11-19 00:14:38,295 - Auth rejected (password).
2024-11-19 00:14:41,875 - Connected (version 2.0, client libssh_0.9.6)
2024-11-19 00:14:41,923 - Auth rejected (none).
2024-11-19 00:14:41,924 - Disconnect (code 11): Bye Bye
2024-11-19 00:14:42,141 - Connected (version 2.0, client libssh_0.9.6)
2024-11-19 00:14:42,145 - Connected (version 2.0, client libssh_0.9.6)
2024-11-19 00:14:42,145 - Connected (version 2.0, client libssh_0.9.6)
2024-11-19 00:14:42,192 - Auth rejected (none).
2024-11-19 00:14:42,193 - Username: testuser, Password: oi
2024-11-19 00:14:42,193 - Auth rejected (password).
2024-11-19 00:14:42,202 - Auth rejected (none).
2024-11-19 00:14:42,203 - Auth rejected (none).
2024-11-19 00:14:42,204 - Username: testuser, Password: ss
2024-11-19 00:14:42,205 - Username: testuser, Password: oo
2024-11-19 00:14:42,205 - Auth rejected (password).
2024-11-19 00:14:42,205 - Auth rejected (password).
2024-11-19 00:15:51,270 - Connected (version 2.0, client libssh_0.9.6)
2024-11-19 00:15:51,322 - Auth rejected (none).
2024-11-19 00:15:51,323 - Disconnect (code 11): Bye Bye
2024-11-19 00:15:51,542 - Connected (version 2.0, client libssh_0.9.6)
2024-11-19 00:15:51,546 - Connected (version 2.0, client libssh_0.9.6)
2024-11-19 00:15:51,551 - Connected (version 2.0, client libssh_0.9.6)
2024-11-19 00:15:51,602 - Auth rejected (none).
2024-11-19 00:15:51,603 - Username: testuser, Password: oo
2024-11-19 00:15:51,603 - Auth rejected (password).
2024-11-19 00:15:51,612 - Auth rejected (none).
2024-11-19 00:15:51,613 - Auth rejected (none).
2024-11-19 00:15:51,614 - Username: testuser, Password: oi
2024-11-19 00:15:51,614 - Auth rejected (password).
2024-11-19 00:15:51,615 - Username: testuser, Password: ss
2024-11-19 00:15:51,616 - Auth rejected (password).
2024-11-19 00:15:55,619 - Connected (version 2.0, client libssh_0.9.6)
2024-11-19 00:15:55,672 - Auth rejected (none).
2024-11-19 00:15:55,673 - Disconnect (code 11): Bye Bye
2024-11-19 00:15:55,890 - Connected (version 2.0, client libssh_0.9.6)
2024-11-19 00:15:55,893 - Connected (version 2.0, client libssh_0.9.6)
2024-11-19 00:15:55,897 - Connected (version 2.0, client libssh_0.9.6)
2024-11-19 00:15:55,911 - Auth rejected (none).
2024-11-19 00:15:55,912 - Username: testuser, Password: oo
2024-11-19 00:15:55,912 - Auth rejected (password).
2024-11-19 00:15:55,952 - Auth rejected (none).
2024-11-19 00:15:55,952 - Auth rejected (none).
2024-11-19 00:15:55,953 - Username: testuser, Password: ss
2024-11-19 00:15:55,953 - Username: testuser, Password: oi
2024-11-19 00:15:55,954 - Auth rejected (password).
2024-11-19 00:15:55,954 - Auth rejected (password).
2024-11-26 15:08:44,276 - Connected (version 2.0, client OpenSSH_8.9p1)
2024-11-26 15:09:22,565 - Connected (version 2.0, client OpenSSH_8.9p1)
2024-11-26 15:09:26,212 - Auth rejected (none).
2024-11-26 15:09:28,224 - Username: testuser, Password: oi
2024-11-26 15:09:28,224 - Auth rejected (password).
2024-11-26 15:09:29,642 - Username: testuser, Password: oo
2024-11-26 15:09:29,643 - Auth rejected (password).
2024-11-26 15:09:31,055 - Username: testuser, Password: lii
2024-11-26 15:09:31,055 - Auth rejected (password).
2024-11-26 15:14:19,330 - Connected (version 2.0, client OpenSSH_8.9p1)
2024-11-26 15:14:54,711 - Connected (version 2.0, client OpenSSH_8.9p1)
2024-11-26 15:14:59,647 - Auth rejected (none).
2024-11-26 15:15:10,521 - Username: testuser, Password: oi
2024-11-26 15:15:10,522 - Auth rejected (password).
2024-11-26 15:15:12,559 - Username: testuser, Password: oo
2024-11-26 15:15:12,560 - Auth rejected (password).
2024-11-26 15:15:14,354 - Username: testuser, Password: iii
2024-11-26 15:15:14,355 - Auth rejected (password).
2024-11-26 15:16:07,931 - Connected (version 2.0, client OpenSSH_8.9p1)
2024-11-26 15:16:07,963 - Auth rejected (none).
2024-11-26 15:16:09,446 - Username: testuser, Password: oi
2024-11-26 15:16:09,447 - Auth rejected (password).
2024-11-26 15:16:10,818 - Username: testuser, Password: oiii
2024-11-26 15:16:10,818 - Auth rejected (password).
2024-11-26 15:16:11,976 - Username: testuser, Password: lll
2024-11-26 15:16:11,976 - Auth rejected (password).
2024-11-26 15:23:29,436 - Connected (version 2.0, client OpenSSH_8.9p1)
2024-11-26 15:23:35,911 - Connected (version 2.0, client OpenSSH_8.9p1)
2024-11-26 15:24:41,599 - Connected (version 2.0, client OpenSSH_8.9p1)
2024-11-26 15:24:43,597 - Auth rejected (none).
2024-11-26 15:24:45,078 - Username: testuser, Password: oo
2024-11-26 15:24:45,079 - Auth rejected (password).
2024-11-26 15:24:46,186 - Username: testuser, Password: iii
2024-11-26 15:24:46,187 - Auth rejected (password).
2024-11-26 15:24:47,737 - Username: testuser, Password: lll7
2024-11-26 15:24:47,738 - Auth rejected (password).
2024-11-26 15:30:56,644 - Connected (version 2.0, client OpenSSH_8.9p1)
2024-11-26 22:21:21,128 - Connected (version 2.0, client OpenSSH_8.9p1)
2024-11-26 22:22:04,983 - Connected (version 2.0, client OpenSSH_8.9p1)
2024-11-26 22:22:07,417 - Auth rejected (none).
2024-11-26 22:22:09,454 - Username: testuser, Password: oi
2024-11-26 22:22:09,454 - Auth rejected (password).
2024-11-26 22:22:11,514 - Username: testuser, Password: lll
2024-11-26 22:22:11,515 - Auth rejected (password).
2024-11-26 22:22:14,021 - Username: testuser, Password: serv
2024-11-26 22:22:14,021 - Auth rejected (password).
2024-11-26 22:25:53,292 - Connected (version 2.0, client OpenSSH_8.9p1)
2024-11-26 22:26:06,214 - Connected (version 2.0, client OpenSSH_8.9p1)
2024-11-26 22:26:08,982 - Auth rejected (none).
2024-11-26 22:26:11,190 - Username: testuser, Password: oii
2024-11-26 22:26:11,191 - Auth rejected (password).
2024-11-26 22:26:13,083 - Username: testuser, Password: ss
2024-11-26 22:26:13,083 - Auth rejected (password).
2024-11-26 22:26:14,564 - Username: testuser, Password: ll
2024-11-26 22:26:14,564 - Auth rejected (password).
2024-11-26 22:27:21,197 - Connected (version 2.0, client OpenSSH_8.9p1)
2024-11-26 22:27:33,300 - Connected (version 2.0, client OpenSSH_8.9p1)
2024-11-26 22:27:35,287 - Auth rejected (none).
2024-11-26 22:27:36,761 - Username: testuser, Password: o
2024-11-26 22:27:36,761 - Auth rejected (password).
2024-11-26 22:27:37,561 - Username: testuser, Password: l
2024-11-26 22:27:37,562 - Auth rejected (password).
2024-11-26 22:27:38,663 - Username: testuser, Password: ss
2024-11-26 22:27:38,663 - Auth rejected (password).
2024-11-26 22:33:42,063 - Connected (version 2.0, client OpenSSH_8.9p1)
2024-11-26 22:34:11,168 - Connected (version 2.0, client OpenSSH_8.9p1)
2024-11-26 22:34:12,820 - Auth rejected (none).
2024-11-26 22:34:14,420 - Username: testuser, Password: oi
2024-11-26 22:34:14,420 - Auth rejected (password).
2024-11-26 22:34:16,484 - Username: testuser, Password: live
2024-11-26 22:34:16,484 - Auth rejected (password).
2024-11-26 22:34:19,515 - Username: testuser, Password: you
2024-11-26 22:34:19,515 - Auth rejected (password).
2024-11-26 22:40:14,783 - Connection from 127.0.0.1
2024-11-26 22:40:14,784 - Connected (version 2.0, client OpenSSH_8.9p1)
2024-11-26 22:40:16,940 - Auth rejected (none).
2024-11-26 22:40:18,314 - Username: testuser, Password: ooo
2024-11-26 22:40:18,314 - Auth rejected (password).
2024-11-26 22:40:19,744 - Username: testuser, Password: ssl
2024-11-26 22:40:19,744 - Auth rejected (password).
2024-11-26 22:40:20,852 - Username: testuser, Password: sla
2024-11-26 22:40:20,852 - Auth rejected (password).
